2024-03-23T01:05:00.070-07:00  WARN 6428 --- [HiberMusic] [HikariPool-6 housekeeper] com.zaxxer.hikari.pool.HikariPool        : HikariPool-6 - Thread starvation or clock leap detected (housekeeper delta=1h35m54s94ms).
2024-03-23T02:19:40.456-07:00  WARN 6428 --- [HiberMusic] [HikariPool-6 housekeeper] com.zaxxer.hikari.pool.HikariPool        : HikariPool-6 - Thread starvation or clock leap detected (housekeeper delta=11m39s454ms).
2024-03-23T03:10:47.668-07:00  WARN 6428 --- [HiberMusic] [HikariPool-6 housekeeper] com.zaxxer.hikari.pool.HikariPool        : HikariPool-6 - Thread starvation or clock leap detected (housekeeper delta=43m35s851ms).
2024-03-23T03:11:14.265-07:00  INFO 6428 --- [HiberMusic] [SpringApplicationShutdownHook] j.LocalContainerEntityManagerFactoryBean : Closing JPA EntityManagerFactory for persistence unit 'default'
2024-03-23T03:11:14.292-07:00  INFO 6428 --- [HiberMusic] [SpringApplicationShutdownHook] com.zaxxer.hikari.HikariDataSource       : HikariPool-6 - Shutdown initiated...
2024-03-23T03:11:14.309-07:00  INFO 6428 --- [HiberMusic] [SpringApplicationShutdownHook] com.zaxxer.hikari.HikariDataSource       : HikariPool-6 - Shutdown completed.
2024-03-23T23:38:27.228-07:00  INFO 1780 --- [HiberMusic] [restartedMain] o.a.hibermusic.HiberMusicApplication     : Starting HiberMusicApplication using Java 21.0.1 with PID 1780 (/Users/akiratran/Desktop/Per-Scholas/CapStone/Tran_Akira_HiberMusic_CaseStudy/HiberMusic/target/classes started by akiratran in /Users/akiratran/Desktop/Per-Scholas/CapStone/Tran_Akira_HiberMusic_CaseStudy/HiberMusic)
2024-03-23T23:38:27.236-07:00  INFO 1780 --- [HiberMusic] [restartedMain] o.a.hibermusic.HiberMusicApplication     : No active profile set, falling back to 1 default profile: "default"
2024-03-23T23:38:27.301-07:00  INFO 1780 --- [HiberMusic] [restartedMain] .e.DevToolsPropertyDefaultsPostProcessor : Devtools property defaults active! Set 'spring.devtools.add-properties' to 'false' to disable
2024-03-23T23:38:27.301-07:00  INFO 1780 --- [HiberMusic] [restartedMain] .e.DevToolsPropertyDefaultsPostProcessor : For additional web related logging consider setting the 'logging.level.web' property to 'DEBUG'
2024-03-23T23:38:28.509-07:00  INFO 1780 --- [HiberMusic] [restartedMain] .s.d.r.c.RepositoryConfigurationDelegate : Bootstrapping Spring Data JPA repositories in DEFAULT mode.
2024-03-23T23:38:28.583-07:00  INFO 1780 --- [HiberMusic] [restartedMain] .s.d.r.c.RepositoryConfigurationDelegate : Finished Spring Data repository scanning in 62 ms. Found 5 JPA repository interfaces.
2024-03-23T23:38:29.586-07:00  INFO 1780 --- [HiberMusic] [restartedMain] o.s.b.w.embedded.tomcat.TomcatWebServer  : Tomcat initialized with port 8080 (http)
2024-03-23T23:38:29.601-07:00  INFO 1780 --- [HiberMusic] [restartedMain] o.apache.catalina.core.StandardService   : Starting service [Tomcat]
2024-03-23T23:38:29.601-07:00  INFO 1780 --- [HiberMusic] [restartedMain] o.apache.catalina.core.StandardEngine    : Starting Servlet engine: [Apache Tomcat/10.1.19]
2024-03-23T23:38:29.652-07:00  INFO 1780 --- [HiberMusic] [restartedMain] o.a.c.c.C.[Tomcat].[localhost].[/]       : Initializing Spring embedded WebApplicationContext
2024-03-23T23:38:29.652-07:00  INFO 1780 --- [HiberMusic] [restartedMain] w.s.c.ServletWebServerApplicationContext : Root WebApplicationContext: initialization completed in 2350 ms
2024-03-23T23:38:30.007-07:00  INFO 1780 --- [HiberMusic] [restartedMain] o.hibernate.jpa.internal.util.LogHelper  : HHH000204: Processing PersistenceUnitInfo [name: default]
2024-03-23T23:38:30.106-07:00  INFO 1780 --- [HiberMusic] [restartedMain] org.hibernate.Version                    : HHH000412: Hibernate ORM core version 6.4.4.Final
2024-03-23T23:38:30.155-07:00  INFO 1780 --- [HiberMusic] [restartedMain] o.h.c.internal.RegionFactoryInitiator    : HHH000026: Second-level cache disabled
2024-03-23T23:38:30.619-07:00  INFO 1780 --- [HiberMusic] [restartedMain] o.s.o.j.p.SpringPersistenceUnitInfo      : No LoadTimeWeaver setup: ignoring JPA class transformer
2024-03-23T23:38:30.673-07:00  INFO 1780 --- [HiberMusic] [restartedMain] com.zaxxer.hikari.HikariDataSource       : HikariPool-1 - Starting...
2024-03-23T23:38:31.557-07:00  INFO 1780 --- [HiberMusic] [restartedMain] com.zaxxer.hikari.pool.HikariPool        : HikariPool-1 - Added connection com.mysql.cj.jdbc.ConnectionImpl@737e2875
2024-03-23T23:38:31.561-07:00  INFO 1780 --- [HiberMusic] [restartedMain] com.zaxxer.hikari.HikariDataSource       : HikariPool-1 - Start completed.
2024-03-23T23:38:31.743-07:00  WARN 1780 --- [HiberMusic] [restartedMain] org.hibernate.orm.deprecation            : HHH90000025: MySQLDialect does not need to be specified explicitly using 'hibernate.dialect' (remove the property setting and it will be selected by default)
2024-03-23T23:38:32.975-07:00  INFO 1780 --- [HiberMusic] [restartedMain] o.h.e.t.j.p.i.JtaPlatformInitiator       : HHH000489: No JTA platform available (set 'hibernate.transaction.jta.platform' to enable JTA platform integration)
2024-03-23T23:38:33.175-07:00  INFO 1780 --- [HiberMusic] [restartedMain] j.LocalContainerEntityManagerFactoryBean : Initialized JPA EntityManagerFactory for persistence unit 'default'
2024-03-23T23:38:33.602-07:00  INFO 1780 --- [HiberMusic] [restartedMain] o.s.d.j.r.query.QueryEnhancerFactory     : Hibernate is in classpath; If applicable, HQL parser will be used.
2024-03-23T23:38:34.205-07:00  WARN 1780 --- [HiberMusic] [restartedMain] JpaBaseConfiguration$JpaWebConfiguration : spring.jpa.open-in-view is enabled by default. Therefore, database queries may be performed during view rendering. Explicitly configure spring.jpa.open-in-view to disable this warning
2024-03-23T23:38:34.829-07:00  INFO 1780 --- [HiberMusic] [restartedMain] o.s.b.a.e.web.EndpointLinksResolver      : Exposing 1 endpoint(s) beneath base path '/actuator'
2024-03-23T23:38:34.900-07:00  INFO 1780 --- [HiberMusic] [restartedMain] o.s.s.web.DefaultSecurityFilterChain     : Will secure any request with [org.springframework.security.web.session.DisableEncodeUrlFilter@771a9887, org.springframework.security.web.context.request.async.WebAsyncManagerIntegrationFilter@482e9b8a, org.springframework.security.web.context.SecurityContextHolderFilter@56de131d, org.springframework.security.web.header.HeaderWriterFilter@259e4fca, org.springframework.web.filter.CorsFilter@67f504b5, org.springframework.security.web.authentication.logout.LogoutFilter@1375780f, org.springframework.security.web.authentication.UsernamePasswordAuthenticationFilter@7bb9e04d, org.springframework.security.web.savedrequest.RequestCacheAwareFilter@463534e, org.springframework.security.web.servletapi.SecurityContextHolderAwareRequestFilter@6d4ffab3, org.springframework.security.web.authentication.AnonymousAuthenticationFilter@2a15b120, org.springframework.security.web.access.ExceptionTranslationFilter@40617834, org.springframework.security.web.access.intercept.AuthorizationFilter@47e470e4]
2024-03-23T23:38:35.480-07:00  INFO 1780 --- [HiberMusic] [restartedMain] o.s.b.d.a.OptionalLiveReloadServer       : LiveReload server is running on port 35729
2024-03-23T23:38:35.563-07:00  INFO 1780 --- [HiberMusic] [restartedMain] o.s.b.w.embedded.tomcat.TomcatWebServer  : Tomcat started on port 8080 (http) with context path ''
2024-03-23T23:38:35.581-07:00  INFO 1780 --- [HiberMusic] [restartedMain] o.a.hibermusic.HiberMusicApplication     : Started HiberMusicApplication in 8.958 seconds (process running for 10.158)
2024-03-23T23:38:36.037-07:00  INFO 1780 --- [HiberMusic] [RMI TCP Connection(3)-127.0.0.1] o.a.c.c.C.[Tomcat].[localhost].[/]       : Initializing Spring DispatcherServlet 'dispatcherServlet'
2024-03-23T23:38:36.038-07:00  INFO 1780 --- [HiberMusic] [RMI TCP Connection(3)-127.0.0.1] o.s.web.servlet.DispatcherServlet        : Initializing Servlet 'dispatcherServlet'
2024-03-23T23:38:36.041-07:00  INFO 1780 --- [HiberMusic] [RMI TCP Connection(3)-127.0.0.1] o.s.web.servlet.DispatcherServlet        : Completed initialization in 2 ms
